<?xml version="1.0" encoding="utf-8"?><testsuites name="pytest tests"><testsuite name="pytest" errors="0" failures="0" skipped="0" tests="38" time="14.671" timestamp="2026-09-06T05:50:05.296534+00:00" hostname="agent-env-d4f93fcf-04af-4fd4-a494-35bc0ac38aa2"><testcase classname="tests.test_account_deletion.TestCustomerAccountDeletion" name="test_delete_customer_with_data_cascades" time="1.787" /><testcase classname="tests.test_account_deletion.TestCustomerAccountDeletion" name="test_delete_requires_auth" time="0.056" /><testcase classname="tests.test_account_deletion.TestProfessionalAccountDeletion" name="test_delete_pro_removes_profile_and_token" time="0.757" /><testcase classname="tests.test_account_deletion.TestUploadRoundtripAfterEnvPin" name="test_upload_and_fetch" time="0.976" /><testcase classname="tests.test_fixit_backend.TestAuth" name="test_register_customer" time="0.283" /><testcase classname="tests.test_fixit_backend.TestAuth" name="test_register_professional_creates_profile" time="0.336" /><testcase classname="tests.test_fixit_backend.TestAuth" name="test_public_register_cannot_create_admin" time="0.281" /><testcase classname="tests.test_fixit_backend.TestAuth" name="test_login_admin" time="0.000" /><testcase classname="tests.test_fixit_backend.TestAuth" name="test_me_and_patch" time="0.114" /><testcase classname="tests.test_fixit_backend.TestAuth" name="test_login_wrong_password" time="0.279" /><testcase classname="tests.test_fixit_backend.TestAuth" name="test_duplicate_email" time="0.057" /><testcase classname="tests.test_fixit_backend.TestCategoriesAndAI" name="test_categories" time="0.057" /><testcase classname="tests.test_fixit_backend.TestCategoriesAndAI" name="test_ai_classify_appliance" time="3.102" /><testcase classname="tests.test_fixit_backend.TestCategoriesAndAI" name="test_ai_classify_plumbing" time="2.770" /><testcase classname="tests.test_fixit_backend.TestProfessionals" name="test_list_by_category" time="0.059" /><testcase classname="tests.test_fixit_backend.TestProfessionals" name="test_get_professional_details" time="0.118" /><testcase classname="tests.test_fixit_backend.TestBookingLifecycle" name="test_created_status" time="0.576" /><testcase classname="tests.test_fixit_backend.TestBookingLifecycle" name="test_customer_cannot_confirm" time="0.057" /><testcase classname="tests.test_fixit_backend.TestBookingLifecycle" name="test_pro_confirms" time="0.059" /><testcase classname="tests.test_fixit_backend.TestBookingLifecycle" name="test_pro_advances_status" time="0.240" /><testcase classname="tests.test_fixit_backend.TestBookingLifecycle" name="test_pro_sets_quote" time="0.060" /><testcase classname="tests.test_fixit_backend.TestBookingLifecycle" name="test_pro_cannot_pay" time="0.058" /><testcase classname="tests.test_fixit_backend.TestBookingLifecycle" name="test_customer_pays" time="0.058" /><testcase classname="tests.test_fixit_backend.TestBookingLifecycle" name="test_customer_reviews" time="0.061" /><testcase classname="tests.test_fixit_backend.TestBookingLifecycle" name="test_pro_rating_updated" time="0.058" /><testcase classname="tests.test_fixit_backend.TestMessages" name="test_send_and_get_between_parties" time="0.116" /><testcase classname="tests.test_fixit_backend.TestMessages" name="test_other_user_forbidden" time="0.334" /><testcase classname="tests.test_fixit_backend.TestNotifications" name="test_notifications_for_customer" time="0.116" /><testcase classname="tests.test_fixit_backend.TestProDashboard" name="test_dashboard" time="0.059" /><testcase classname="tests.test_fixit_backend.TestProDashboard" name="test_availability_toggle" time="0.114" /><testcase classname="tests.test_fixit_backend.TestAdmin" name="test_stats" time="0.060" /><testcase classname="tests.test_fixit_backend.TestAdmin" name="test_users_list_excludes_admin" time="0.058" /><testcase classname="tests.test_fixit_backend.TestAdmin" name="test_pending_pros_list" time="0.056" /><testcase classname="tests.test_fixit_backend.TestAdmin" name="test_suspend_user" time="0.614" /><testcase classname="tests.test_fixit_backend.TestAdmin" name="test_bookings_list" time="0.059" /><testcase classname="tests.test_fixit_backend.TestAdmin" name="test_commission_update" time="0.116" /><testcase classname="tests.test_fixit_backend.TestAdmin" name="test_customer_forbidden_from_admin" time="0.055" /><testcase classname="tests.test_fixit_backend.TestUpload" name="test_upload_and_fetch" time="0.576" /></testsuite></testsuites>