<?xml version="1.0" encoding="utf-8"?><testsuites name="pytest tests"><testsuite name="pytest" errors="0" failures="1" skipped="0" tests="34" time="8.610" timestamp="2026-08-17T08:02:23.503814+00:00" hostname="agent-env-d4f93fcf-04af-4fd4-a494-35bc0ac38aa2"><testcase classname="tests.test_fixit_backend.TestAuth" name="test_register_customer" time="0.699" /><testcase classname="tests.test_fixit_backend.TestAuth" name="test_register_professional_creates_profile" time="0.756" /><testcase classname="tests.test_fixit_backend.TestAuth" name="test_public_register_cannot_create_admin" time="0.265" /><testcase classname="tests.test_fixit_backend.TestAuth" name="test_login_admin" time="0.267" /><testcase classname="tests.test_fixit_backend.TestAuth" name="test_me_and_patch" time="0.361" /><testcase classname="tests.test_fixit_backend.TestAuth" name="test_login_wrong_password" time="0.269" /><testcase classname="tests.test_fixit_backend.TestBookingLifecycle" name="test_created_status" time="2.353" /><testcase classname="tests.test_fixit_backend.TestBookingLifecycle" name="test_customer_cannot_confirm" time="0.268" /><testcase classname="tests.test_fixit_backend.TestAuth" name="test_duplicate_email" time="0.045" /><testcase classname="tests.test_fixit_backend.TestBookingLifecycle" name="test_pro_confirms" time="0.046" /><testcase classname="tests.test_fixit_backend.TestAdmin" name="test_stats" time="0.049" /><testcase classname="tests.test_fixit_backend.TestBookingLifecycle" name="test_pro_advances_status" time="0.406" /><testcase classname="tests.test_fixit_backend.TestAdmin" name="test_users_list_excludes_admin" time="0.044" /><testcase classname="tests.test_fixit_backend.TestAdmin" name="test_pending_pros_list" time="0.045" /><testcase classname="tests.test_fixit_backend.TestAdmin" name="test_suspend_user" time="0.579" /><testcase classname="tests.test_fixit_backend.TestBookingLifecycle" name="test_pro_sets_quote" time="0.045" /><testcase classname="tests.test_fixit_backend.TestBookingLifecycle" name="test_pro_cannot_pay" time="0.043" /><testcase classname="tests.test_fixit_backend.TestBookingLifecycle" name="test_customer_pays" time="0.225" /><testcase classname="tests.test_fixit_backend.TestAdmin" name="test_bookings_list" time="0.054" /><testcase classname="tests.test_fixit_backend.TestBookingLifecycle" name="test_customer_reviews" time="0.053" /><testcase classname="tests.test_fixit_backend.TestAdmin" name="test_commission_update" time="0.170" /><testcase classname="tests.test_fixit_backend.TestBookingLifecycle" name="test_pro_rating_updated" time="0.043" /><testcase classname="tests.test_fixit_backend.TestCategoriesAndAI" name="test_categories" time="0.045" /><testcase classname="tests.test_fixit_backend.TestCategoriesAndAI" name="test_ai_classify_appliance" time="2.414" /><testcase classname="tests.test_fixit_backend.TestAdmin" name="test_customer_forbidden_from_admin" time="0.064" /><testcase classname="tests.test_fixit_backend.TestProfessionals" name="test_list_by_category" time="0.045" /><testcase classname="tests.test_fixit_backend.TestProfessionals" name="test_get_professional_details" time="0.089" /><testcase classname="tests.test_fixit_backend.TestProDashboard" name="test_dashboard" time="0.487" /><testcase classname="tests.test_fixit_backend.TestProDashboard" name="test_availability_toggle" time="0.094" /><testcase classname="tests.test_fixit_backend.TestNotifications" name="test_notifications_for_customer" time="0.088"><failure message="assert 0 &gt;= 1&#10; +  where 0 = len([])">backend/tests/test_fixit_backend.py:218: in test_notifications_for_customer
    assert len(notes) &gt;= 1
E   assert 0 &gt;= 1
E    +  where 0 = len([])</failure></testcase><testcase classname="tests.test_fixit_backend.TestUpload" name="test_upload_and_fetch" time="0.761" /><testcase classname="tests.test_fixit_backend.TestCategoriesAndAI" name="test_ai_classify_plumbing" time="1.885" /><testcase classname="tests.test_fixit_backend.TestMessages" name="test_send_and_get_between_parties" time="0.130" /><testcase classname="tests.test_fixit_backend.TestMessages" name="test_other_user_forbidden" time="0.311" /></testsuite></testsuites>